<?xml version="1.0" encoding="UTF-8"?>
<testsuite name="com.myProject.tests.OpenProjects" tests="1" skipped="0" failures="0" errors="0" timestamp="2019-04-25T07:56:44" hostname="DESKTOP-8C89NMA" time="9.756">
  <properties/>
  <testcase name="projectsOpen" classname="com.myProject.tests.OpenProjects" time="9.756"/>
  <system-out><![CDATA[10:56:44  [Test worker] INFO  com.myProject.tests.OpenProjects - Start Test 
-------4islo proectov 14!!!------
10:56:54  [Test worker] INFO  com.myProject.tests.OpenProjects - Stop Test 
]]></system-out>
  <system-err><![CDATA[]]></system-err>
</testsuite>
