<?xml version="1.0" encoding="UTF-8"?>
<testsuite name="com.myProject.tests.OpenJob" tests="1" skipped="0" failures="0" errors="0" timestamp="2019-04-25T07:56:21" hostname="DESKTOP-8C89NMA" time="23.372">
  <properties/>
  <testcase name="jobOpen" classname="com.myProject.tests.OpenJob" time="23.372"/>
  <system-out><![CDATA[]]></system-out>
  <system-err><![CDATA[]]></system-err>
</testsuite>
